#
# There is insufficient memory for the Java Runtime Environment to continue.
# Native memory allocation (malloc) failed to allocate 1321136 bytes for Chunk::new
# Possible reasons:
#   The system is out of physical RAM or swap space
#   In 32 bit mode, the process size limit was hit
# Possible solutions:
#   Reduce memory load on the system
#   Increase physical memory or swap space
#   Check if swap backing store is full
#   Use 64 bit Java on a 64 bit OS
#   Decrease Java heap size (-Xmx/-Xms)
#   Decrease number of Java threads
#   Decrease Java thread stack sizes (-Xss)
#   Set larger code cache with -XX:ReservedCodeCacheSize=
# This output file may be truncated or incomplete.
#
#  Out of Memory Error (allocation.cpp:390), pid=8004, tid=0x0000000000001cc8
#
# JRE version: OpenJDK Runtime Environment (8.0_152-b02) (build 1.8.0_152-release-1024-b02)
# Java VM: OpenJDK 64-Bit Server VM (25.152-b02 mixed mode windows-amd64 compressed oops)
# Failed to write core dump. Minidumps are not enabled by default on client versions of Windows
#

---------------  T H R E A D  ---------------

Current thread (0x0000000017867800):  JavaThread "C2 CompilerThread0" daemon [_thread_in_native, id=7368, stack(0x0000000018ec0000,0x0000000018fc0000)]

Stack: [0x0000000018ec0000,0x0000000018fc0000]
[error occurred during error reporting (printing stack bounds), id 0xc0000005]

Native frames: (J=compiled Java code, j=interpreted, Vv=VM code, C=native code)


Current CompileTask:
C2:2243383 11314       4       org.jetbrains.kotlin.load.kotlin.TypeSignatureMappingKt::mapType (746 bytes)


---------------  P R O C E S S  ---------------

Java Threads: ( => current thread )
  0x000000001e148800 JavaThread "RMI RenewClean-[localhost:60880,org.jetbrains.kotlin.daemon.common.LoopbackNetworkInterface$ClientLoopbackSocketFactory@192b0512]" daemon [_thread_blocked, id=604, stack(0x0000000021ec0000,0x0000000021fc0000)]
  0x000000001e14b800 JavaThread "RMI TCP Connection(14)-127.0.0.1" daemon [_thread_in_Java, id=7016, stack(0x0000000021dc0000,0x0000000021ec0000)]
  0x000000001e14d000 JavaThread "RMI TCP Connection(13)-127.0.0.1" daemon [_thread_in_native, id=1360, stack(0x0000000021cc0000,0x0000000021dc0000)]
  0x000000001e14b000 JavaThread "RMI RenewClean-[localhost:60880,org.jetbrains.kotlin.daemon.common.LoopbackNetworkInterface$ClientLoopbackSocketFactory@1d7ca6e2]" daemon [_thread_blocked, id=1036, stack(0x0000000021bc0000,0x0000000021cc0000)]
  0x0000000019315800 JavaThread "RMI Scheduler(0)" daemon [_thread_blocked, id=3360, stack(0x000000001ad40000,0x000000001ae40000)]
  0x0000000004f2e000 JavaThread "DestroyJavaVM" [_thread_blocked, id=8384, stack(0x0000000004f30000,0x0000000005030000)]
  0x0000000019977800 JavaThread "GC Daemon" daemon [_thread_blocked, id=1524, stack(0x000000001a700000,0x000000001a800000)]
  0x0000000019972800 JavaThread "RMI Reaper" [_thread_blocked, id=1992, stack(0x000000001a600000,0x000000001a700000)]
  0x00000000195a0800 JavaThread "Timer-0" daemon [_thread_blocked, id=5984, stack(0x000000001a400000,0x000000001a500000)]
  0x000000001959d800 JavaThread "RMI TCP Accept-17362" daemon [_thread_in_native, id=1564, stack(0x000000001a300000,0x000000001a400000)]
  0x00000000191e8800 JavaThread "Service Thread" daemon [_thread_blocked, id=9792, stack(0x00000000195c0000,0x00000000196c0000)]
  0x000000001785f000 JavaThread "C1 CompilerThread2" daemon [_thread_in_vm, id=7132, stack(0x00000000190c0000,0x00000000191c0000)]
  0x000000001785a800 JavaThread "C2 CompilerThread1" daemon [_thread_in_native, id=444, stack(0x0000000018fc0000,0x00000000190c0000)]
=>0x0000000017867800 JavaThread "C2 CompilerThread0" daemon [_thread_in_native, id=7368, stack(0x0000000018ec0000,0x0000000018fc0000)]
  0x0000000017865800 JavaThread "Attach Listener" daemon [_thread_blocked, id=7824, stack(0x0000000018dc0000,0x0000000018ec0000)]
  0x0000000017864800 JavaThread "Signal Dispatcher" daemon [_thread_blocked, id=8020, stack(0x0000000018cc0000,0x0000000018dc0000)]
  0x000000000518b800 JavaThread "Finalizer" daemon [_thread_blocked, id=2524, stack(0x0000000018ad0000,0x0000000018bd0000)]
  0x0000000005182000 JavaThread "Reference Handler" daemon [_thread_blocked, id=8316, stack(0x00000000189d0000,0x0000000018ad0000)]

Other Threads:
  0x0000000017824000 VMThread [stack: 0x00000000188d0000,0x00000000189d0000] [id=5996]
  0x00000000178bb800 WatcherThread [stack: 0x00000000196c0000,0x00000000197c0000] [id=4012]

VM state:not at safepoint (normal execution)

VM Mutex/Monitor currently owned by a thread: None

Heap:
 PSYoungGen      total 228864K, used 80837K [0x00000000eab00000, 0x00000000fcc00000, 0x0000000100000000)
  eden space 190464K, 22% used [0x00000000eab00000,0x00000000ed479390,0x00000000f6500000)
  from space 38400K, 99% used [0x00000000f9100000,0x00000000fb6781c0,0x00000000fb680000)
  to   space 45056K, 0% used [0x00000000f6500000,0x00000000f6500000,0x00000000f9100000)
 ParOldGen       total 114688K, used 37575K [0x00000000c0000000, 0x00000000c7000000, 0x00000000eab00000)
  object space 114688K, 32% used [0x00000000c0000000,0x00000000c24b1f78,0x00000000c7000000)
 Metaspace       used 57622K, capacity 58923K, committed 59136K, reserved 1101824K
  class space    used 6810K, capacity 7117K, committed 7168K, reserved 1048576K

Card table byte_map: [0x0000000014550000,0x0000000014760000] byte_map_base: 0x0000000013f50000

Marking Bits: (ParMarkBitMap*) 0x00000000614d4970
 Begin Bits: [0x0000000014cc0000, 0x0000000015cc0000)
 End Bits:   [0x0000000015cc0000, 0x0000000016cc0000)

Polling page: 0x00000000032a0000

CodeCache: size=245760Kb used=33449Kb max_used=33531Kb free=212310Kb
 bounds [0x0000000005190000, 0x0000000007280000, 0x0000000014190000]
 total_blobs=10147 nmethods=9624 adapters=434
 compilation: enabled

Compilation events (10 events):
Event: 2241.909 Thread 0x000000001785f000 11325       3       org.jetbrains.kotlin.serialization.ProtoBuf$Type::isInitialized (145 bytes)
Event: 2241.910 Thread 0x000000001785f000 nmethod 11325 0x0000000007272890 code [0x0000000007272ae0, 0x0000000007273de8]
Event: 2241.974 Thread 0x000000001785a800 nmethod 11315 0x0000000007278750 code [0x0000000007278a00, 0x000000000727a230]
Event: 2241.974 Thread 0x000000001785a800 11323       4       org.jetbrains.kotlin.resolve.MemberComparator::compare (847 bytes)
Event: 2242.033 Thread 0x000000001785f000 11341       2       org.jetbrains.kotlin.descriptors.impl.FunctionDescriptorImpl::initialize (245 bytes)
Event: 2242.036 Thread 0x000000001785f000 nmethod 11341 0x0000000007276950 code [0x0000000007276c40, 0x0000000007277a78]
Event: 2242.036 Thread 0x000000001785f000 11342       2       org.jetbrains.kotlin.load.java.lazy.descriptors.ClassDeclaredMemberIndex::getFieldNames (99 bytes)
Event: 2242.038 Thread 0x000000001785f000 nmethod 11342 0x0000000007275b90 code [0x0000000007275dc0, 0x0000000007276458]
Event: 2242.059 Thread 0x000000001785f000 11344       1       org.jetbrains.kotlin.resolve.scopes.DescriptorKindFilter::getExcludes (5 bytes)
Event: 2242.060 Thread 0x000000001785f000 nmethod 11344 0x000000000724e650 code [0x000000000724e7a0, 0x000000000724e8b0]

GC Heap History (10 events):
Event: 1518.987 GC heap before
{Heap before GC invocations=17 (full 4):
 PSYoungGen      total 150528K, used 133345K [0x00000000eab00000, 0x00000000f5e00000, 0x0000000100000000)
  eden space 118784K, 100% used [0x00000000eab00000,0x00000000f1f00000,0x00000000f1f00000)
  from space 31744K, 45% used [0x00000000f3f00000,0x00000000f4d386a8,0x00000000f5e00000)
  to   space 32256K, 0% used [0x00000000f1f00000,0x00000000f1f00000,0x00000000f3e80000)
 ParOldGen       total 89600K, used 31846K [0x00000000c0000000, 0x00000000c5780000, 0x00000000eab00000)
  object space 89600K, 35% used [0x00000000c0000000,0x00000000c1f19ac8,0x00000000c5780000)
 Metaspace       used 55062K, capacity 56173K, committed 56448K, reserved 1099776K
  class space    used 6745K, capacity 7002K, committed 7040K, reserved 1048576K
Event: 1519.119 GC heap after
Heap after GC invocations=17 (full 4):
 PSYoungGen      total 151040K, used 32234K [0x00000000eab00000, 0x00000000f9400000, 0x0000000100000000)
  eden space 118784K, 0% used [0x00000000eab00000,0x00000000eab00000,0x00000000f1f00000)
  from space 32256K, 99% used [0x00000000f1f00000,0x00000000f3e7aae8,0x00000000f3e80000)
  to   space 40448K, 0% used [0x00000000f6c80000,0x00000000f6c80000,0x00000000f9400000)
 ParOldGen       total 89600K, used 39328K [0x00000000c0000000, 0x00000000c5780000, 0x00000000eab00000)
  object space 89600K, 43% used [0x00000000c0000000,0x00000000c2668230,0x00000000c5780000)
 Metaspace       used 55062K, capacity 56173K, committed 56448K, reserved 1099776K
  class space    used 6745K, capacity 7002K, committed 7040K, reserved 1048576K
}
Event: 1714.905 GC heap before
{Heap before GC invocations=18 (full 4):
 PSYoungGen      total 151040K, used 151018K [0x00000000eab00000, 0x00000000f9400000, 0x0000000100000000)
  eden space 118784K, 100% used [0x00000000eab00000,0x00000000f1f00000,0x00000000f1f00000)
  from space 32256K, 99% used [0x00000000f1f00000,0x00000000f3e7aae8,0x00000000f3e80000)
  to   space 40448K, 0% used [0x00000000f6c80000,0x00000000f6c80000,0x00000000f9400000)
 ParOldGen       total 89600K, used 39328K [0x00000000c0000000, 0x00000000c5780000, 0x00000000eab00000)
  object space 89600K, 43% used [0x00000000c0000000,0x00000000c2668230,0x00000000c5780000)
 Metaspace       used 55909K, capacity 57139K, committed 57344K, reserved 1099776K
  class space    used 6807K, capacity 7119K, committed 7168K, reserved 1048576K
Event: 1715.036 GC heap after
Heap after GC invocations=18 (full 4):
 PSYoungGen      total 186880K, used 19601K [0x00000000eab00000, 0x00000000f8d80000, 0x0000000100000000)
  eden space 153088K, 0% used [0x00000000eab00000,0x00000000eab00000,0x00000000f4080000)
  from space 33792K, 58% used [0x00000000f6c80000,0x00000000f7fa4700,0x00000000f8d80000)
  to   space 39424K, 0% used [0x00000000f4080000,0x00000000f4080000,0x00000000f6700000)
 ParOldGen       total 89600K, used 71218K [0x00000000c0000000, 0x00000000c5780000, 0x00000000eab00000)
  object space 89600K, 79% used [0x00000000c0000000,0x00000000c458cbe8,0x00000000c5780000)
 Metaspace       used 55909K, capacity 57139K, committed 57344K, reserved 1099776K
  class space    used 6807K, capacity 7119K, committed 7168K, reserved 1048576K
}
Event: 1715.036 GC heap before
{Heap before GC invocations=19 (full 5):
 PSYoungGen      total 186880K, used 19601K [0x00000000eab00000, 0x00000000f8d80000, 0x0000000100000000)
  eden space 153088K, 0% used [0x00000000eab00000,0x00000000eab00000,0x00000000f4080000)
  from space 33792K, 58% used [0x00000000f6c80000,0x00000000f7fa4700,0x00000000f8d80000)
  to   space 39424K, 0% used [0x00000000f4080000,0x00000000f4080000,0x00000000f6700000)
 ParOldGen       total 89600K, used 71218K [0x00000000c0000000, 0x00000000c5780000, 0x00000000eab00000)
  object space 89600K, 79% used [0x00000000c0000000,0x00000000c458cbe8,0x00000000c5780000)
 Metaspace       used 55909K, capacity 57139K, committed 57344K, reserved 1099776K
  class space    used 6807K, capacity 7119K, committed 7168K, reserved 1048576K
Event: 1715.574 GC heap after
Heap after GC invocations=19 (full 5):
 PSYoungGen      total 186880K, used 0K [0x00000000eab00000, 0x00000000f8d80000, 0x0000000100000000)
  eden space 153088K, 0% used [0x00000000eab00000,0x00000000eab00000,0x00000000f4080000)
  from space 33792K, 0% used [0x00000000f6c80000,0x00000000f6c80000,0x00000000f8d80000)
  to   space 39424K, 0% used [0x00000000f4080000,0x00000000f4080000,0x00000000f6700000)
 ParOldGen       total 114688K, used 35504K [0x00000000c0000000, 0x00000000c7000000, 0x00000000eab00000)
  object space 114688K, 30% used [0x00000000c0000000,0x00000000c22ac260,0x00000000c7000000)
 Metaspace       used 55232K, capacity 56265K, committed 57344K, reserved 1099776K
  class space    used 6710K, capacity 6960K, committed 7168K, reserved 1048576K
}
Event: 2237.748 GC heap before
{Heap before GC invocations=20 (full 5):
 PSYoungGen      total 186880K, used 153088K [0x00000000eab00000, 0x00000000f8d80000, 0x0000000100000000)
  eden space 153088K, 100% used [0x00000000eab00000,0x00000000f4080000,0x00000000f4080000)
  from space 33792K, 0% used [0x00000000f6c80000,0x00000000f6c80000,0x00000000f8d80000)
  to   space 39424K, 0% used [0x00000000f4080000,0x00000000f4080000,0x00000000f6700000)
 ParOldGen       total 114688K, used 35504K [0x00000000c0000000, 0x00000000c7000000, 0x00000000eab00000)
  object space 114688K, 30% used [0x00000000c0000000,0x00000000c22ac260,0x00000000c7000000)
 Metaspace       used 56388K, capacity 57545K, committed 57856K, reserved 1099776K
  class space    used 6761K, capacity 7038K, committed 7168K, reserved 1048576K
Event: 2238.001 GC heap after
Heap after GC invocations=20 (full 5):
 PSYoungGen      total 192512K, used 20714K [0x00000000eab00000, 0x00000000fb680000, 0x0000000100000000)
  eden space 153088K, 0% used [0x00000000eab00000,0x00000000eab00000,0x00000000f4080000)
  from space 39424K, 52% used [0x00000000f4080000,0x00000000f54ba938,0x00000000f6700000)
  to   space 38400K, 0% used [0x00000000f9100000,0x00000000f9100000,0x00000000fb680000)
 ParOldGen       total 114688K, used 35512K [0x00000000c0000000, 0x00000000c7000000, 0x00000000eab00000)
  object space 114688K, 30% used [0x00000000c0000000,0x00000000c22ae260,0x00000000c7000000)
 Metaspace       used 56388K, capacity 57545K, committed 57856K, reserved 1099776K
  class space    used 6761K, capacity 7038K, committed 7168K, reserved 1048576K
}
Event: 2242.060 GC heap before
{Heap before GC invocations=21 (full 5):
 PSYoungGen      total 192512K, used 173802K [0x00000000eab00000, 0x00000000fb680000, 0x0000000100000000)
  eden space 153088K, 100% used [0x00000000eab00000,0x00000000f4080000,0x00000000f4080000)
  from space 39424K, 52% used [0x00000000f4080000,0x00000000f54ba938,0x00000000f6700000)
  to   space 38400K, 0% used [0x00000000f9100000,0x00000000f9100000,0x00000000fb680000)
 ParOldGen       total 114688K, used 35512K [0x00000000c0000000, 0x00000000c7000000, 0x00000000eab00000)
  object space 114688K, 30% used [0x00000000c0000000,0x00000000c22ae260,0x00000000c7000000)
 Metaspace       used 57613K, capacity 58859K, committed 59136K, reserved 1101824K
  class space    used 6810K, capacity 7117K, committed 7168K, reserved 1048576K
Event: 2242.151 GC heap after
Heap after GC invocations=21 (full 5):
 PSYoungGen      total 228864K, used 38368K [0x00000000eab00000, 0x00000000fcc00000, 0x0000000100000000)
  eden space 190464K, 0% used [0x00000000eab00000,0x00000000eab00000,0x00000000f6500000)
  from space 38400K, 99% used [0x00000000f9100000,0x00000000fb6781c0,0x00000000fb680000)
  to   space 45056K, 0% used [0x00000000f6500000,0x00000000f6500000,0x00000000f9100000)
 ParOldGen       total 114688K, used 37575K [0x00000000c0000000, 0x00000000c7000000, 0x00000000eab00000)
  object space 114688K, 32% used [0x00000000c0000000,0x00000000c24b1f78,0x00000000c7000000)
 Metaspace       used 57613K, capacity 58859K, committed 59136K, reserved 1101824K
  class space    used 6810K, capacity 7117K, committed 7168K, reserved 1048576K
}

Deoptimization events (10 events):
Event: 2241.586 Thread 0x000000001e14b800 Uncommon trap: reason=unstable_if action=reinterpret pc=0x0000000006302ea4 method=org.jetbrains.kotlin.serialization.ProtoBuf$Type.hasOuterType()Z @ 11
Event: 2241.588 Thread 0x000000001e14b800 Uncommon trap: reason=unstable_if action=reinterpret pc=0x0000000006989bd0 method=org.jetbrains.kotlin.resolve.MemberComparator$NameAndTypeMemberComparator.getDeclarationPriority(Lorg/jetbrains/kotlin/descriptors/DeclarationDescriptor;)I @ 48
Event: 2241.588 Thread 0x000000001e14b800 Uncommon trap: reason=unstable_if action=reinterpret pc=0x00000000068af044 method=org.jetbrains.kotlin.resolve.MemberComparator$NameAndTypeMemberComparator.getDeclarationPriority(Lorg/jetbrains/kotlin/descriptors/DeclarationDescriptor;)I @ 48
Event: 2241.589 Thread 0x000000001e14b800 Uncommon trap: reason=unstable_if action=reinterpret pc=0x00000000065bf008 method=org.jetbrains.kotlin.serialization.ProtoBuf$Type.getSerializedSize()I @ 250
Event: 2241.589 Thread 0x000000001e14b800 Uncommon trap: reason=unstable_if action=reinterpret pc=0x00000000065d01b4 method=org.jetbrains.kotlin.serialization.ProtoBuf$Type.writeTo(Lorg/jetbrains/kotlin/protobuf/CodedOutputStream;)V @ 228
Event: 2241.864 Thread 0x000000001e14b800 Uncommon trap: reason=class_check action=maybe_recompile pc=0x000000000651d104 method=org.jetbrains.kotlin.codegen.signature.JvmSignatureWriter.writeAsmType(Lorg/jetbrains/org/objectweb/asm/Type;)V @ 43
Event: 2241.866 Thread 0x000000001e14b800 Uncommon trap: reason=class_check action=maybe_recompile pc=0x0000000006562db0 method=org.jetbrains.kotlin.load.kotlin.TypeSignatureMappingKt.computeInternalName(Lorg/jetbrains/kotlin/descriptors/ClassDescriptor;Lorg/jetbrains/kotlin/load/kotlin/TypeMappi
Event: 2241.866 Thread 0x000000001e14b800 Uncommon trap: reason=class_check action=maybe_recompile pc=0x0000000006562db0 method=org.jetbrains.kotlin.load.kotlin.TypeSignatureMappingKt.computeInternalName(Lorg/jetbrains/kotlin/descriptors/ClassDescriptor;Lorg/jetbrains/kotlin/load/kotlin/TypeMappi
Event: 2241.875 Thread 0x000000001e14b800 Uncommon trap: reason=bimorphic action=maybe_recompile pc=0x0000000007243cf0 method=org.jetbrains.kotlin.load.kotlin.TypeSignatureMappingKt.mapType(Lorg/jetbrains/kotlin/types/KotlinType;Lorg/jetbrains/kotlin/load/kotlin/JvmTypeFactory;Lorg/jetbrains/kotl
Event: 2241.875 Thread 0x000000001e14b800 Uncommon trap: reason=bimorphic action=maybe_recompile pc=0x0000000007243cf0 method=org.jetbrains.kotlin.load.kotlin.TypeSignatureMappingKt.mapType(Lorg/jetbrains/kotlin/types/KotlinType;Lorg/jetbrains/kotlin/load/kotlin/JvmTypeFactory;Lorg/jetbrains/kotl

Classes redefined (0 events):
No events

Internal exceptions (10 events):
Event: 1720.356 Thread 0x000000001e148800 Exception <a 'sun/nio/fs/WindowsException'> (0x00000000f20cec10) thrown at [D:\src\AOSP-openjdk-cygwin\jdk8u\hotspot\src\share\vm\prims\jni.cpp, line 709]
Event: 1720.384 Thread 0x000000001e148800 Exception <a 'sun/nio/fs/WindowsException'> (0x00000000f20ddec8) thrown at [D:\src\AOSP-openjdk-cygwin\jdk8u\hotspot\src\share\vm\prims\jni.cpp, line 709]
Event: 1720.424 Thread 0x000000001e148800 Exception <a 'sun/nio/fs/WindowsException'> (0x00000000f20f6700) thrown at [D:\src\AOSP-openjdk-cygwin\jdk8u\hotspot\src\share\vm\prims\jni.cpp, line 709]
Event: 1720.451 Thread 0x000000001e148800 Exception <a 'sun/nio/fs/WindowsException'> (0x00000000f2107648) thrown at [D:\src\AOSP-openjdk-cygwin\jdk8u\hotspot\src\share\vm\prims\jni.cpp, line 709]
Event: 1720.492 Thread 0x000000001e148800 Exception <a 'sun/nio/fs/WindowsException'> (0x00000000f211ceb8) thrown at [D:\src\AOSP-openjdk-cygwin\jdk8u\hotspot\src\share\vm\prims\jni.cpp, line 709]
Event: 1720.532 Thread 0x000000001e148800 Exception <a 'sun/nio/fs/WindowsException'> (0x00000000f2133d78) thrown at [D:\src\AOSP-openjdk-cygwin\jdk8u\hotspot\src\share\vm\prims\jni.cpp, line 709]
Event: 1720.580 Thread 0x000000001e148800 Exception <a 'sun/nio/fs/WindowsException'> (0x00000000f21dd598) thrown at [D:\src\AOSP-openjdk-cygwin\jdk8u\hotspot\src\share\vm\prims\jni.cpp, line 709]
Event: 1805.457 Thread 0x00000000195a0800 Implicit null exception at 0x0000000005f0bca0 to 0x0000000005f0c0f1
Event: 2234.513 Thread 0x000000001e148800 Exception <a 'java/lang/InterruptedException'> (0x00000000f24f87c8) thrown at [D:\src\AOSP-openjdk-cygwin\jdk8u\hotspot\src\share\vm\runtime\objectMonitor.cpp, line 1684]
Event: 2240.420 Thread 0x000000001e14b800 Implicit null exception at 0x000000000610a38c to 0x000000000610a47e

Events (10 events):
Event: 2241.866 Thread 0x000000001e14b800 DEOPT PACKING pc=0x0000000006562db0 sp=0x0000000021eb96d0
Event: 2241.866 Thread 0x000000001e14b800 DEOPT UNPACKING pc=0x00000000051d557b sp=0x0000000021eb96d8 mode 2
Event: 2241.874 Thread 0x000000001e14b800 Uncommon trap: trap_request=0xffffffc6 fr.pc=0x0000000007243cf0
Event: 2241.875 Thread 0x000000001e14b800 DEOPT PACKING pc=0x0000000007243cf0 sp=0x0000000021eb9d80
Event: 2241.875 Thread 0x000000001e14b800 DEOPT UNPACKING pc=0x00000000051d557b sp=0x0000000021eb9d68 mode 2
Event: 2241.875 Thread 0x000000001e14b800 Uncommon trap: trap_request=0xffffffc6 fr.pc=0x0000000007243cf0
Event: 2241.875 Thread 0x000000001e14b800 DEOPT PACKING pc=0x0000000007243cf0 sp=0x0000000021eb9d20
Event: 2241.875 Thread 0x000000001e14b800 DEOPT UNPACKING pc=0x00000000051d557b sp=0x0000000021eb9d08 mode 2
Event: 2242.060 Executing VM operation: ParallelGCFailedAllocation
Event: 2242.151 Executing VM operation: ParallelGCFailedAllocation done


Dynamic libraries:
0x00007ff7d65e0000 - 0x00007ff7d6611000 	C:\Program Files\Android\Android Studio\jre\jre\bin\java.exe
0x00007ffd79360000 - 0x00007ffd79540000 	C:\WINDOWS\SYSTEM32\ntdll.dll
0x00007ffd77580000 - 0x00007ffd7762e000 	C:\WINDOWS\System32\KERNEL32.DLL
0x00007ffd76140000 - 0x00007ffd763a6000 	C:\WINDOWS\System32\KERNELBASE.dll
0x00007ffd77950000 - 0x00007ffd779f1000 	C:\WINDOWS\System32\ADVAPI32.dll
0x00007ffd77e40000 - 0x00007ffd77edd000 	C:\WINDOWS\System32\msvcrt.dll
0x00007ffd77ba0000 - 0x00007ffd77bfb000 	C:\WINDOWS\System32\sechost.dll
0x00007ffd77630000 - 0x00007ffd7774f000 	C:\WINDOWS\System32\RPCRT4.dll
0x00007ffd77a00000 - 0x00007ffd77b8f000 	C:\WINDOWS\System32\USER32.dll
0x00007ffd75760000 - 0x00007ffd75780000 	C:\WINDOWS\System32\win32u.dll
0x00007ffd76c30000 - 0x00007ffd76c58000 	C:\WINDOWS\System32\GDI32.dll
0x00007ffd76630000 - 0x00007ffd767c3000 	C:\WINDOWS\System32\gdi32full.dll
0x00007ffd75fd0000 - 0x00007ffd7606b000 	C:\WINDOWS\System32\msvcp_win.dll
0x00007ffd75780000 - 0x00007ffd75876000 	C:\WINDOWS\System32\ucrtbase.dll
0x00007ffd68630000 - 0x00007ffd68899000 	C:\WINDOWS\WinSxS\amd64_microsoft.windows.common-controls_6595b64144ccf1df_6.0.16299.371_none_15c7d1789365a290\COMCTL32.dll
0x00007ffd76e20000 - 0x00007ffd77128000 	C:\WINDOWS\System32\combase.dll
0x00007ffd76070000 - 0x00007ffd760e2000 	C:\WINDOWS\System32\bcryptPrimitives.dll
0x00007ffd76c60000 - 0x00007ffd76c8d000 	C:\WINDOWS\System32\IMM32.DLL
0x0000000060c30000 - 0x0000000060d02000 	C:\Program Files\Android\Android Studio\jre\jre\bin\msvcr100.dll
0x0000000060d10000 - 0x000000006154f000 	C:\Program Files\Android\Android Studio\jre\jre\bin\server\jvm.dll
0x00007ffd76ab0000 - 0x00007ffd76ab8000 	C:\WINDOWS\System32\PSAPI.DLL
0x00007ffd73510000 - 0x00007ffd73533000 	C:\WINDOWS\SYSTEM32\WINMM.dll
0x00007ffd6a500000 - 0x00007ffd6a50a000 	C:\WINDOWS\SYSTEM32\VERSION.dll
0x00007ffd707d0000 - 0x00007ffd707d9000 	C:\WINDOWS\SYSTEM32\WSOCK32.dll
0x00007ffd77750000 - 0x00007ffd777bc000 	C:\WINDOWS\System32\WS2_32.dll
0x00007ffd734e0000 - 0x00007ffd7350a000 	C:\WINDOWS\SYSTEM32\winmmbase.dll
0x00007ffd760f0000 - 0x00007ffd7613a000 	C:\WINDOWS\System32\cfgmgr32.dll
0x00007ffd6ca50000 - 0x00007ffd6ca5f000 	C:\Program Files\Android\Android Studio\jre\jre\bin\verify.dll
0x00007ffd6a960000 - 0x00007ffd6a989000 	C:\Program Files\Android\Android Studio\jre\jre\bin\java.dll
0x00007ffd6a940000 - 0x00007ffd6a956000 	C:\Program Files\Android\Android Studio\jre\jre\bin\zip.dll
0x00007ffd77ee0000 - 0x00007ffd79316000 	C:\WINDOWS\System32\SHELL32.dll
0x00007ffd76830000 - 0x00007ffd768d6000 	C:\WINDOWS\System32\shcore.dll
0x00007ffd75880000 - 0x00007ffd75fc7000 	C:\WINDOWS\System32\windows.storage.dll
0x00007ffd76a30000 - 0x00007ffd76a81000 	C:\WINDOWS\System32\shlwapi.dll
0x00007ffd75720000 - 0x00007ffd75731000 	C:\WINDOWS\System32\kernel.appcore.dll
0x00007ffd756b0000 - 0x00007ffd756fc000 	C:\WINDOWS\System32\powrprof.dll
0x00007ffd75700000 - 0x00007ffd7571b000 	C:\WINDOWS\System32\profapi.dll
0x00007ffd71ed0000 - 0x00007ffd71edd000 	C:\Program Files\Android\Android Studio\jre\jre\bin\management.dll
0x00007ffd6a920000 - 0x00007ffd6a93a000 	C:\Program Files\Android\Android Studio\jre\jre\bin\net.dll
0x00007ffd74ee0000 - 0x00007ffd74f46000 	C:\WINDOWS\system32\mswsock.dll
0x00007ffd6a900000 - 0x00007ffd6a911000 	C:\Program Files\Android\Android Studio\jre\jre\bin\nio.dll
0x00007ffd750b0000 - 0x00007ffd750c7000 	C:\WINDOWS\SYSTEM32\CRYPTSP.dll
0x00007ffd74ae0000 - 0x00007ffd74b13000 	C:\WINDOWS\system32\rsaenh.dll
0x00007ffd751b0000 - 0x00007ffd751d5000 	C:\WINDOWS\SYSTEM32\bcrypt.dll
0x00007ffd755e0000 - 0x00007ffd75609000 	C:\WINDOWS\SYSTEM32\USERENV.dll
0x00007ffd750a0000 - 0x00007ffd750ab000 	C:\WINDOWS\SYSTEM32\CRYPTBASE.dll
0x00007ffd74c70000 - 0x00007ffd74ca9000 	C:\WINDOWS\SYSTEM32\IPHLPAPI.DLL
0x00007ffd79320000 - 0x00007ffd79328000 	C:\WINDOWS\System32\NSI.dll
0x00007ffd6e660000 - 0x00007ffd6e676000 	C:\WINDOWS\SYSTEM32\dhcpcsvc6.DLL
0x00007ffd6fe00000 - 0x00007ffd6fe1a000 	C:\WINDOWS\SYSTEM32\dhcpcsvc.DLL

VM Arguments:
jvm_args: -Djava.awt.headless=true -Djava.rmi.server.hostname=localhost -Xmx1024m -Dkotlin.environment.keepalive 
java_command: org.jetbrains.kotlin.daemon.KotlinCompileDaemon --daemon-runFilesPath C:\Users\Kent\AppData\Local\kotlin\daemon --daemon-autoshutdownIdleSeconds=7200 --daemon-compilerClasspath C:\Users\Kent\.gradle\caches\modules-2\files-2.1\org.jetbrains.kotlin\kotlin-compiler-embeddable\1.2.30\9b3f10d4717b9ac238b287e9b6eb2b4eadd8e870\kotlin-compiler-embeddable-1.2.30.jar;C:\Users\Kent\.gradle\caches\modules-2\files-2.1\org.jetbrains.kotlin\kotlin-stdlib\1.2.30\2dfac33f8b4e92c9dd1422cd286834701a6f6d6\kotlin-stdlib-1.2.30.jar;C:\Users\Kent\.gradle\caches\modules-2\files-2.1\org.jetbrains.kotlin\kotlin-script-runtime\1.2.30\37ee7531a636e99b639f8b1544cdda27d0ee30b0\kotlin-script-runtime-1.2.30.jar;C:\Users\Kent\.gradle\caches\modules-2\files-2.1\org.jetbrains.kotlin\kotlin-reflect\1.2.30\9758025a415ee400e1f90ff222bcfec247779133\kotlin-reflect-1.2.30.jar;C:\Program Files\Android\Android Studio\jre\lib\tools.jar
java_class_path (initial): C:\Users\Kent\.gradle\caches\modules-2\files-2.1\org.jetbrains.kotlin\kotlin-compiler-embeddable\1.2.30\9b3f10d4717b9ac238b287e9b6eb2b4eadd8e870\kotlin-compiler-embeddable-1.2.30.jar;C:\Users\Kent\.gradle\caches\modules-2\files-2.1\org.jetbrains.kotlin\kotlin-stdlib\1.2.30\2dfac33f8b4e92c9dd1422cd286834701a6f6d6\kotlin-stdlib-1.2.30.jar;C:\Users\Kent\.gradle\caches\modules-2\files-2.1\org.jetbrains.kotlin\kotlin-script-runtime\1.2.30\37ee7531a636e99b639f8b1544cdda27d0ee30b0\kotlin-script-runtime-1.2.30.jar;C:\Users\Kent\.gradle\caches\modules-2\files-2.1\org.jetbrains.kotlin\kotlin-reflect\1.2.30\9758025a415ee400e1f90ff222bcfec247779133\kotlin-reflect-1.2.30.jar;C:\Program Files\Android\Android Studio\jre\lib\tools.jar
Launcher Type: SUN_STANDARD

Environment Variables:
PATH=C:\WINDOWS\system32;C:\WINDOWS;C:\WINDOWS\System32\Wbem;C:\WINDOWS\System32\WindowsPowerShell\v1.0\;C:\Program Files\Git\cmd;C:\Users\Kent\AppData\Local\Microsoft\WindowsApps;
USERNAME=Kent
OS=Windows_NT
PROCESSOR_IDENTIFIER=Intel64 Family 6 Model 37 Stepping 5, GenuineIntel



---------------  S Y S T E M  ---------------

OS: Windows 10.0 , 64 bit Build 16299 (10.0.16299.15)

CPU:total 4 (initial active 4) (2 cores per cpu, 2 threads per core) family 6 model 37 stepping 5, cmov, cx8, fxsr, mmx, sse, sse2, sse3, ssse3, sse4.1, sse4.2, popcnt, ht, tsc, tscinvbit

Memory: 4k page, physical 3848288k(454896k free), swap 5246048k(3144k free)

vm_info: OpenJDK 64-Bit Server VM (25.152-b02) for windows-amd64 JRE (1.8.0_152-release-1024-b02), built by "builder" with MS VC++ 10.0 (VS2010)

time: Thu Apr 26 23:25:53 2018
elapsed time: 2242 seconds (0d 0h 37m 22s)

