#
# There is insufficient memory for the Java Runtime Environment to continue.
# Native memory allocation (malloc) failed to allocate 1048576 bytes for AllocateHeap
# Possible reasons:
#   The system is out of physical RAM or swap space
#   In 32 bit mode, the process size limit was hit
# Possible solutions:
#   Reduce memory load on the system
#   Increase physical memory or swap space
#   Check if swap backing store is full
#   Use 64 bit Java on a 64 bit OS
#   Decrease Java heap size (-Xmx/-Xms)
#   Decrease number of Java threads
#   Decrease Java thread stack sizes (-Xss)
#   Set larger code cache with -XX:ReservedCodeCacheSize=
# This output file may be truncated or incomplete.
#
#  Out of Memory Error (memory/allocation.inline.hpp:61), pid=4644, tid=0x000000000000243c
#
# JRE version:  (8.0_152-b02) (build )
# Java VM: OpenJDK 64-Bit Server VM (25.152-b02 mixed mode windows-amd64 compressed oops)
# Failed to write core dump. Minidumps are not enabled by default on client versions of Windows
#

---------------  T H R E A D  ---------------

Current thread (0x00000000038ce000):  JavaThread "Unknown thread" [_thread_in_vm, id=9276, stack(0x0000000005160000,0x0000000005260000)]

Stack: [0x0000000005160000,0x0000000005260000]
[error occurred during error reporting (printing stack bounds), id 0xc0000005]

Native frames: (J=compiled Java code, j=interpreted, Vv=VM code, C=native code)


---------------  P R O C E S S  ---------------

Java Threads: ( => current thread )

Other Threads:

=>0x00000000038ce000 (exited) JavaThread "Unknown thread" [_thread_in_vm, id=9276, stack(0x0000000005160000,0x0000000005260000)]

VM state:not at safepoint (normal execution)

VM Mutex/Monitor currently owned by a thread: None

Heap:
 PSYoungGen      total 17920K, used 307K [0x00000000eab00000, 0x00000000ebf00000, 0x0000000100000000)
  eden space 15360K, 2% used [0x00000000eab00000,0x00000000eab4ccd8,0x00000000eba00000)
  from space 2560K, 0% used [0x00000000ebc80000,0x00000000ebc80000,0x00000000ebf00000)
  to   space 2560K, 0% used [0x00000000eba00000,0x00000000eba00000,0x00000000ebc80000)
 ParOldGen       total 40960K, used 0K [0x00000000c0000000, 0x00000000c2800000, 0x00000000eab00000)
  object space 40960K, 0% used [0x00000000c0000000,0x00000000c0000000,0x00000000c2800000)
 Metaspace       used 772K, capacity 4480K, committed 4480K, reserved 1056768K
  class space    used 73K, capacity 384K, committed 384K, reserved 1048576K

Card table byte_map: [0x00000000147d0000,0x00000000149e0000] byte_map_base: 0x00000000141d0000

Marking Bits: (ParMarkBitMap*) 0x00000000614d4970
 Begin Bits: [0x0000000014f40000, 0x0000000015f40000)
 End Bits:   [0x0000000015f40000, 0x0000000016f40000)

Polling page: 0x0000000003350000

CodeCache: size=245760Kb used=327Kb max_used=327Kb free=245432Kb
 bounds [0x0000000005410000, 0x0000000005680000, 0x0000000014410000]
 total_blobs=56 nmethods=0 adapters=38
 compilation: enabled

Compilation events (0 events):
No events

GC Heap History (0 events):
No events

Deoptimization events (0 events):
No events

Classes redefined (0 events):
No events

Internal exceptions (0 events):
No events

Events (10 events):
Event: 0.047 loading class java/lang/Short
Event: 0.048 loading class java/lang/Short done
Event: 0.048 loading class java/lang/Integer
Event: 0.048 loading class java/lang/Integer done
Event: 0.048 loading class java/lang/Long
Event: 0.048 loading class java/lang/Long done
Event: 0.049 loading class java/lang/NullPointerException
Event: 0.049 loading class java/lang/NullPointerException done
Event: 0.049 loading class java/lang/ArithmeticException
Event: 0.049 loading class java/lang/ArithmeticException done


Dynamic libraries:
0x00007ff7f51e0000 - 0x00007ff7f5211000 	C:\Program Files\Android\Android Studio\jre\jre\bin\java.exe
0x00007ffd79360000 - 0x00007ffd79540000 	C:\WINDOWS\SYSTEM32\ntdll.dll
0x00007ffd77580000 - 0x00007ffd7762e000 	C:\WINDOWS\System32\KERNEL32.DLL
0x00007ffd76140000 - 0x00007ffd763a6000 	C:\WINDOWS\System32\KERNELBASE.dll
0x00007ffd77950000 - 0x00007ffd779f1000 	C:\WINDOWS\System32\ADVAPI32.dll
0x00007ffd77e40000 - 0x00007ffd77edd000 	C:\WINDOWS\System32\msvcrt.dll
0x00007ffd77ba0000 - 0x00007ffd77bfb000 	C:\WINDOWS\System32\sechost.dll
0x00007ffd77630000 - 0x00007ffd7774f000 	C:\WINDOWS\System32\RPCRT4.dll
0x00007ffd77a00000 - 0x00007ffd77b8f000 	C:\WINDOWS\System32\USER32.dll
0x00007ffd75760000 - 0x00007ffd75780000 	C:\WINDOWS\System32\win32u.dll
0x00007ffd76c30000 - 0x00007ffd76c58000 	C:\WINDOWS\System32\GDI32.dll
0x00007ffd76630000 - 0x00007ffd767c3000 	C:\WINDOWS\System32\gdi32full.dll
0x00007ffd75fd0000 - 0x00007ffd7606b000 	C:\WINDOWS\System32\msvcp_win.dll
0x00007ffd75780000 - 0x00007ffd75876000 	C:\WINDOWS\System32\ucrtbase.dll
0x00007ffd68630000 - 0x00007ffd68899000 	C:\WINDOWS\WinSxS\amd64_microsoft.windows.common-controls_6595b64144ccf1df_6.0.16299.371_none_15c7d1789365a290\COMCTL32.dll
0x00007ffd76e20000 - 0x00007ffd77128000 	C:\WINDOWS\System32\combase.dll
0x00007ffd76070000 - 0x00007ffd760e2000 	C:\WINDOWS\System32\bcryptPrimitives.dll
0x00007ffd76c60000 - 0x00007ffd76c8d000 	C:\WINDOWS\System32\IMM32.DLL
0x0000000060c30000 - 0x0000000060d02000 	C:\Program Files\Android\Android Studio\jre\jre\bin\msvcr100.dll
0x0000000060d10000 - 0x000000006154f000 	C:\Program Files\Android\Android Studio\jre\jre\bin\server\jvm.dll
0x00007ffd76ab0000 - 0x00007ffd76ab8000 	C:\WINDOWS\System32\PSAPI.DLL
0x00007ffd707d0000 - 0x00007ffd707d9000 	C:\WINDOWS\SYSTEM32\WSOCK32.dll
0x00007ffd73510000 - 0x00007ffd73533000 	C:\WINDOWS\SYSTEM32\WINMM.dll
0x00007ffd6a500000 - 0x00007ffd6a50a000 	C:\WINDOWS\SYSTEM32\VERSION.dll
0x00007ffd77750000 - 0x00007ffd777bc000 	C:\WINDOWS\System32\WS2_32.dll
0x00007ffd734e0000 - 0x00007ffd7350a000 	C:\WINDOWS\SYSTEM32\WINMMBASE.dll
0x00007ffd760f0000 - 0x00007ffd7613a000 	C:\WINDOWS\System32\cfgmgr32.dll
0x00007ffd6ca50000 - 0x00007ffd6ca5f000 	C:\Program Files\Android\Android Studio\jre\jre\bin\verify.dll
0x00007ffd6a960000 - 0x00007ffd6a989000 	C:\Program Files\Android\Android Studio\jre\jre\bin\java.dll
0x00007ffd6a940000 - 0x00007ffd6a956000 	C:\Program Files\Android\Android Studio\jre\jre\bin\zip.dll

VM Arguments:
jvm_args: -Djava.awt.headless=true -Djava.rmi.server.hostname=localhost -Xmx1024m -Dkotlin.environment.keepalive 
java_command: org.jetbrains.kotlin.daemon.KotlinCompileDaemon --daemon-runFilesPath C:\Users\Kent\AppData\Local\kotlin\daemon --daemon-autoshutdownIdleSeconds=7200 --daemon-compilerClasspath C:\Users\Kent\.gradle\caches\modules-2\files-2.1\org.jetbrains.kotlin\kotlin-compiler-embeddable\1.2.30\9b3f10d4717b9ac238b287e9b6eb2b4eadd8e870\kotlin-compiler-embeddable-1.2.30.jar;C:\Users\Kent\.gradle\caches\modules-2\files-2.1\org.jetbrains.kotlin\kotlin-stdlib\1.2.30\2dfac33f8b4e92c9dd1422cd286834701a6f6d6\kotlin-stdlib-1.2.30.jar;C:\Users\Kent\.gradle\caches\modules-2\files-2.1\org.jetbrains.kotlin\kotlin-script-runtime\1.2.30\37ee7531a636e99b639f8b1544cdda27d0ee30b0\kotlin-script-runtime-1.2.30.jar;C:\Users\Kent\.gradle\caches\modules-2\files-2.1\org.jetbrains.kotlin\kotlin-reflect\1.2.30\9758025a415ee400e1f90ff222bcfec247779133\kotlin-reflect-1.2.30.jar;C:\Program Files\Android\Android Studio\jre\lib\tools.jar
java_class_path (initial): C:\Users\Kent\.gradle\caches\modules-2\files-2.1\org.jetbrains.kotlin\kotlin-compiler-embeddable\1.2.30\9b3f10d4717b9ac238b287e9b6eb2b4eadd8e870\kotlin-compiler-embeddable-1.2.30.jar;C:\Users\Kent\.gradle\caches\modules-2\files-2.1\org.jetbrains.kotlin\kotlin-stdlib\1.2.30\2dfac33f8b4e92c9dd1422cd286834701a6f6d6\kotlin-stdlib-1.2.30.jar;C:\Users\Kent\.gradle\caches\modules-2\files-2.1\org.jetbrains.kotlin\kotlin-script-runtime\1.2.30\37ee7531a636e99b639f8b1544cdda27d0ee30b0\kotlin-script-runtime-1.2.30.jar;C:\Users\Kent\.gradle\caches\modules-2\files-2.1\org.jetbrains.kotlin\kotlin-reflect\1.2.30\9758025a415ee400e1f90ff222bcfec247779133\kotlin-reflect-1.2.30.jar;C:\Program Files\Android\Android Studio\jre\lib\tools.jar
Launcher Type: SUN_STANDARD

Environment Variables:
PATH=C:\WINDOWS\system32;C:\WINDOWS;C:\WINDOWS\System32\Wbem;C:\WINDOWS\System32\WindowsPowerShell\v1.0\;C:\Program Files\Git\cmd;C:\Users\Kent\AppData\Local\Microsoft\WindowsApps;
USERNAME=Kent
OS=Windows_NT
PROCESSOR_IDENTIFIER=Intel64 Family 6 Model 37 Stepping 5, GenuineIntel



---------------  S Y S T E M  ---------------

OS: Windows 10.0 , 64 bit Build 16299 (10.0.16299.15)

CPU:total 4 (initial active 4) (2 cores per cpu, 2 threads per core) family 6 model 37 stepping 5, cmov, cx8, fxsr, mmx, sse, sse2, sse3, ssse3, sse4.1, sse4.2, popcnt, ht, tsc, tscinvbit

Memory: 4k page, physical 3848288k(510224k free), swap 5246048k(5724k free)

vm_info: OpenJDK 64-Bit Server VM (25.152-b02) for windows-amd64 JRE (1.8.0_152-release-1024-b02), built by "builder" with MS VC++ 10.0 (VS2010)

time: Thu Apr 26 23:41:16 2018
elapsed time: 0 seconds (0d 0h 0m 0s)

