#
# There is insufficient memory for the Java Runtime Environment to continue.
# Native memory allocation (malloc) failed to allocate 1246816 bytes for Chunk::new
# Possible reasons:
#   The system is out of physical RAM or swap space
#   In 32 bit mode, the process size limit was hit
# Possible solutions:
#   Reduce memory load on the system
#   Increase physical memory or swap space
#   Check if swap backing store is full
#   Use 64 bit Java on a 64 bit OS
#   Decrease Java heap size (-Xmx/-Xms)
#   Decrease number of Java threads
#   Decrease Java thread stack sizes (-Xss)
#   Set larger code cache with -XX:ReservedCodeCacheSize=
# This output file may be truncated or incomplete.
#
#  Out of Memory Error (allocation.cpp:390), pid=1572, tid=0x0000000000002514
#
# JRE version: OpenJDK Runtime Environment (8.0_152-b02) (build 1.8.0_152-release-1024-b02)
# Java VM: OpenJDK 64-Bit Server VM (25.152-b02 mixed mode windows-amd64 compressed oops)
# Failed to write core dump. Minidumps are not enabled by default on client versions of Windows
#

---------------  T H R E A D  ---------------

Current thread (0x0000000016bad000):  JavaThread "C2 CompilerThread0" daemon [_thread_in_native, id=9492, stack(0x0000000018200000,0x0000000018300000)]

Stack: [0x0000000018200000,0x0000000018300000]
[error occurred during error reporting (printing stack bounds), id 0xc0000005]

Native frames: (J=compiled Java code, j=interpreted, Vv=VM code, C=native code)


Current CompileTask:
C2:   3320 1690       4       java.net.URLClassLoader$1::run (5 bytes)


---------------  P R O C E S S  ---------------

Java Threads: ( => current thread )
  0x0000000016c0c000 JavaThread "Service Thread" daemon [_thread_blocked, id=8824, stack(0x0000000018900000,0x0000000018a00000)]
  0x0000000016bb9000 JavaThread "C1 CompilerThread2" daemon [_thread_blocked, id=4336, stack(0x0000000018400000,0x0000000018500000)]
  0x0000000016bb1000 JavaThread "C2 CompilerThread1" daemon [_thread_in_native, id=5292, stack(0x0000000018300000,0x0000000018400000)]
=>0x0000000016bad000 JavaThread "C2 CompilerThread0" daemon [_thread_in_native, id=9492, stack(0x0000000018200000,0x0000000018300000)]
  0x0000000016bab800 JavaThread "Attach Listener" daemon [_thread_blocked, id=4564, stack(0x0000000018100000,0x0000000018200000)]
  0x0000000016baa000 JavaThread "Signal Dispatcher" daemon [_thread_blocked, id=9368, stack(0x0000000018000000,0x0000000018100000)]
  0x00000000047ec800 JavaThread "Finalizer" daemon [_thread_blocked, id=5544, stack(0x0000000017e10000,0x0000000017f10000)]
  0x0000000016b77800 JavaThread "Reference Handler" daemon [_thread_blocked, id=2244, stack(0x0000000017d10000,0x0000000017e10000)]
  0x00000000046f3800 JavaThread "main" [_thread_in_Java, id=2084, stack(0x00000000045f0000,0x00000000046f0000)]

Other Threads:
  0x0000000016b74800 VMThread [stack: 0x0000000017c10000,0x0000000017d10000] [id=9328]
  0x0000000016c0d000 WatcherThread [stack: 0x0000000018a00000,0x0000000018b00000] [id=9088]

VM state:not at safepoint (normal execution)

VM Mutex/Monitor currently owned by a thread: None

Heap:
 PSYoungGen      total 33280K, used 28769K [0x00000000ec700000, 0x00000000f1500000, 0x0000000100000000)
  eden space 30720K, 93% used [0x00000000ec700000,0x00000000ee3185f0,0x00000000ee500000)
  from space 2560K, 0% used [0x00000000ee500000,0x00000000ee500000,0x00000000ee780000)
  to   space 9216K, 0% used [0x00000000f0c00000,0x00000000f0c00000,0x00000000f1500000)
 ParOldGen       total 41472K, used 10302K [0x00000000c5400000, 0x00000000c7c80000, 0x00000000ec700000)
  object space 41472K, 24% used [0x00000000c5400000,0x00000000c5e0fa00,0x00000000c7c80000)
 Metaspace       used 25367K, capacity 25712K, committed 25984K, reserved 1071104K
  class space    used 3213K, capacity 3352K, committed 3456K, reserved 1048576K

Card table byte_map: [0x0000000013bb0000,0x0000000013d90000] byte_map_base: 0x0000000013586000

Marking Bits: (ParMarkBitMap*) 0x00000000614d4970
 Begin Bits: [0x00000000142d0000, 0x0000000015180000)
 End Bits:   [0x0000000015180000, 0x0000000016030000)

Polling page: 0x0000000002d90000

CodeCache: size=245760Kb used=5305Kb max_used=5305Kb free=240454Kb
 bounds [0x00000000047f0000, 0x0000000004d30000, 0x00000000137f0000]
 total_blobs=2175 nmethods=1789 adapters=300
 compilation: enabled

Compilation events (10 events):
Event: 3.252 Thread 0x0000000016bb9000 1799       1       org.jetbrains.kotlin.com.intellij.util.containers.ConcurrentWeakKeySoftValueHashMap$WeakKey::hashCode (5 bytes)
Event: 3.252 Thread 0x0000000016bb9000 nmethod 1799 0x0000000004d18a10 code [0x0000000004d18b60, 0x0000000004d18c70]
Event: 3.262 Thread 0x0000000016bb9000 1801       3       java.util.LinkedHashSet::<init> (10 bytes)
Event: 3.262 Thread 0x0000000016bb9000 nmethod 1801 0x0000000004d19050 code [0x0000000004d19200, 0x0000000004d19608]
Event: 3.265 Thread 0x0000000016bb9000 1802       3       sun.reflect.annotation.AnnotationParser::parseStringArray (85 bytes)
Event: 3.267 Thread 0x0000000016bb9000 nmethod 1802 0x0000000004d19a90 code [0x0000000004d19ce0, 0x0000000004d1ab58]
Event: 3.314 Thread 0x0000000016bb9000 1803       3       sun.reflect.annotation.AnnotationParser::parseSig (61 bytes)
Event: 3.316 Thread 0x0000000016bb9000 nmethod 1803 0x0000000004d1b590 code [0x0000000004d1b820, 0x0000000004d1caa8]
Event: 3.316 Thread 0x0000000016bb9000 1804       3       java.lang.String::endsWith (17 bytes)
Event: 3.316 Thread 0x0000000016bb9000 nmethod 1804 0x0000000004d1d450 code [0x0000000004d1d5c0, 0x0000000004d1d7e8]

GC Heap History (10 events):
Event: 0.991 GC heap before
{Heap before GC invocations=2 (full 0):
 PSYoungGen      total 17920K, used 17898K [0x00000000ec700000, 0x00000000edb00000, 0x0000000100000000)
  eden space 15360K, 100% used [0x00000000ec700000,0x00000000ed600000,0x00000000ed600000)
  from space 2560K, 99% used [0x00000000ed600000,0x00000000ed87a880,0x00000000ed880000)
  to   space 2560K, 0% used [0x00000000ed880000,0x00000000ed880000,0x00000000edb00000)
 ParOldGen       total 40960K, used 1221K [0x00000000c5400000, 0x00000000c7c00000, 0x00000000ec700000)
  object space 40960K, 2% used [0x00000000c5400000,0x00000000c5531610,0x00000000c7c00000)
 Metaspace       used 8921K, capacity 9652K, committed 9728K, reserved 1058816K
  class space    used 1001K, capacity 1008K, committed 1024K, reserved 1048576K
Event: 0.998 GC heap after
Heap after GC invocations=2 (full 0):
 PSYoungGen      total 17920K, used 2538K [0x00000000ec700000, 0x00000000eea00000, 0x0000000100000000)
  eden space 15360K, 0% used [0x00000000ec700000,0x00000000ec700000,0x00000000ed600000)
  from space 2560K, 99% used [0x00000000ed880000,0x00000000edafa840,0x00000000edb00000)
  to   space 2560K, 0% used [0x00000000ed600000,0x00000000ed600000,0x00000000ed880000)
 ParOldGen       total 40960K, used 3307K [0x00000000c5400000, 0x00000000c7c00000, 0x00000000ec700000)
  object space 40960K, 8% used [0x00000000c5400000,0x00000000c573ae70,0x00000000c7c00000)
 Metaspace       used 8921K, capacity 9652K, committed 9728K, reserved 1058816K
  class space    used 1001K, capacity 1008K, committed 1024K, reserved 1048576K
}
Event: 1.506 GC heap before
{Heap before GC invocations=3 (full 0):
 PSYoungGen      total 17920K, used 17898K [0x00000000ec700000, 0x00000000eea00000, 0x0000000100000000)
  eden space 15360K, 100% used [0x00000000ec700000,0x00000000ed600000,0x00000000ed600000)
  from space 2560K, 99% used [0x00000000ed880000,0x00000000edafa840,0x00000000edb00000)
  to   space 2560K, 0% used [0x00000000ed600000,0x00000000ed600000,0x00000000ed880000)
 ParOldGen       total 40960K, used 3307K [0x00000000c5400000, 0x00000000c7c00000, 0x00000000ec700000)
  object space 40960K, 8% used [0x00000000c5400000,0x00000000c573ae70,0x00000000c7c00000)
 Metaspace       used 13635K, capacity 13886K, committed 13952K, reserved 1060864K
  class space    used 1567K, capacity 1643K, committed 1664K, reserved 1048576K
Event: 1.514 GC heap after
Heap after GC invocations=3 (full 0):
 PSYoungGen      total 17920K, used 2544K [0x00000000ec700000, 0x00000000eea00000, 0x0000000100000000)
  eden space 15360K, 0% used [0x00000000ec700000,0x00000000ec700000,0x00000000ed600000)
  from space 2560K, 99% used [0x00000000ed600000,0x00000000ed87c030,0x00000000ed880000)
  to   space 2560K, 0% used [0x00000000ee780000,0x00000000ee780000,0x00000000eea00000)
 ParOldGen       total 40960K, used 6479K [0x00000000c5400000, 0x00000000c7c00000, 0x00000000ec700000)
  object space 40960K, 15% used [0x00000000c5400000,0x00000000c5a53ea0,0x00000000c7c00000)
 Metaspace       used 13635K, capacity 13886K, committed 13952K, reserved 1060864K
  class space    used 1567K, capacity 1643K, committed 1664K, reserved 1048576K
}
Event: 1.851 GC heap before
{Heap before GC invocations=4 (full 0):
 PSYoungGen      total 17920K, used 17904K [0x00000000ec700000, 0x00000000eea00000, 0x0000000100000000)
  eden space 15360K, 100% used [0x00000000ec700000,0x00000000ed600000,0x00000000ed600000)
  from space 2560K, 99% used [0x00000000ed600000,0x00000000ed87c030,0x00000000ed880000)
  to   space 2560K, 0% used [0x00000000ee780000,0x00000000ee780000,0x00000000eea00000)
 ParOldGen       total 40960K, used 6479K [0x00000000c5400000, 0x00000000c7c00000, 0x00000000ec700000)
  object space 40960K, 15% used [0x00000000c5400000,0x00000000c5a53ea0,0x00000000c7c00000)
 Metaspace       used 17000K, capacity 17304K, committed 17536K, reserved 1064960K
  class space    used 2036K, capacity 2144K, committed 2176K, reserved 1048576K
Event: 1.860 GC heap after
Heap after GC invocations=4 (full 0):
 PSYoungGen      total 33280K, used 2528K [0x00000000ec700000, 0x00000000eea00000, 0x0000000100000000)
  eden space 30720K, 0% used [0x00000000ec700000,0x00000000ec700000,0x00000000ee500000)
  from space 2560K, 98% used [0x00000000ee780000,0x00000000ee9f8020,0x00000000eea00000)
  to   space 2560K, 0% used [0x00000000ee500000,0x00000000ee500000,0x00000000ee780000)
 ParOldGen       total 40960K, used 9783K [0x00000000c5400000, 0x00000000c7c00000, 0x00000000ec700000)
  object space 40960K, 23% used [0x00000000c5400000,0x00000000c5d8dca0,0x00000000c7c00000)
 Metaspace       used 17000K, capacity 17304K, committed 17536K, reserved 1064960K
  class space    used 2036K, capacity 2144K, committed 2176K, reserved 1048576K
}
Event: 2.452 GC heap before
{Heap before GC invocations=5 (full 0):
 PSYoungGen      total 33280K, used 30823K [0x00000000ec700000, 0x00000000eea00000, 0x0000000100000000)
  eden space 30720K, 92% used [0x00000000ec700000,0x00000000ee2a1c88,0x00000000ee500000)
  from space 2560K, 98% used [0x00000000ee780000,0x00000000ee9f8020,0x00000000eea00000)
  to   space 2560K, 0% used [0x00000000ee500000,0x00000000ee500000,0x00000000ee780000)
 ParOldGen       total 40960K, used 9783K [0x00000000c5400000, 0x00000000c7c00000, 0x00000000ec700000)
  object space 40960K, 23% used [0x00000000c5400000,0x00000000c5d8dca0,0x00000000c7c00000)
 Metaspace       used 20800K, capacity 21166K, committed 21248K, reserved 1067008K
  class space    used 2653K, capacity 2801K, committed 2816K, reserved 1048576K
Event: 2.472 GC heap after
Heap after GC invocations=5 (full 0):
 PSYoungGen      total 33280K, used 2544K [0x00000000ec700000, 0x00000000f1500000, 0x0000000100000000)
  eden space 30720K, 0% used [0x00000000ec700000,0x00000000ec700000,0x00000000ee500000)
  from space 2560K, 99% used [0x00000000ee500000,0x00000000ee77c010,0x00000000ee780000)
  to   space 9216K, 0% used [0x00000000f0c00000,0x00000000f0c00000,0x00000000f1500000)
 ParOldGen       total 40960K, used 16214K [0x00000000c5400000, 0x00000000c7c00000, 0x00000000ec700000)
  object space 40960K, 39% used [0x00000000c5400000,0x00000000c63d5b48,0x00000000c7c00000)
 Metaspace       used 20800K, capacity 21166K, committed 21248K, reserved 1067008K
  class space    used 2653K, capacity 2801K, committed 2816K, reserved 1048576K
}
Event: 2.472 GC heap before
{Heap before GC invocations=6 (full 1):
 PSYoungGen      total 33280K, used 2544K [0x00000000ec700000, 0x00000000f1500000, 0x0000000100000000)
  eden space 30720K, 0% used [0x00000000ec700000,0x00000000ec700000,0x00000000ee500000)
  from space 2560K, 99% used [0x00000000ee500000,0x00000000ee77c010,0x00000000ee780000)
  to   space 9216K, 0% used [0x00000000f0c00000,0x00000000f0c00000,0x00000000f1500000)
 ParOldGen       total 40960K, used 16214K [0x00000000c5400000, 0x00000000c7c00000, 0x00000000ec700000)
  object space 40960K, 39% used [0x00000000c5400000,0x00000000c63d5b48,0x00000000c7c00000)
 Metaspace       used 20800K, capacity 21166K, committed 21248K, reserved 1067008K
  class space    used 2653K, capacity 2801K, committed 2816K, reserved 1048576K
Event: 2.552 GC heap after
Heap after GC invocations=6 (full 1):
 PSYoungGen      total 33280K, used 0K [0x00000000ec700000, 0x00000000f1500000, 0x0000000100000000)
  eden space 30720K, 0% used [0x00000000ec700000,0x00000000ec700000,0x00000000ee500000)
  from space 2560K, 0% used [0x00000000ee500000,0x00000000ee500000,0x00000000ee780000)
  to   space 9216K, 0% used [0x00000000f0c00000,0x00000000f0c00000,0x00000000f1500000)
 ParOldGen       total 41472K, used 10302K [0x00000000c5400000, 0x00000000c7c80000, 0x00000000ec700000)
  object space 41472K, 24% used [0x00000000c5400000,0x00000000c5e0fa00,0x00000000c7c80000)
 Metaspace       used 20800K, capacity 21166K, committed 21248K, reserved 1067008K
  class space    used 2653K, capacity 2801K, committed 2816K, reserved 1048576K
}

Deoptimization events (10 events):
Event: 1.743 Thread 0x00000000046f3800 Uncommon trap: reason=unstable_if action=reinterpret pc=0x00000000049bb128 method=sun.misc.MetaIndex.mayContain(Ljava/lang/String;)Z @ 38
Event: 1.791 Thread 0x00000000046f3800 Uncommon trap: reason=range_check action=make_not_entrant pc=0x0000000004adada0 method=sun.reflect.generics.parser.SignatureParser.current()C @ 34
Event: 2.196 Thread 0x00000000046f3800 Uncommon trap: reason=unstable_if action=reinterpret pc=0x00000000049b70ac method=java.lang.String.<init>([CII)V @ 18
Event: 2.253 Thread 0x00000000046f3800 Uncommon trap: reason=unstable_if action=reinterpret pc=0x0000000004af13d8 method=java.lang.String.<init>([CII)V @ 18
Event: 2.950 Thread 0x00000000046f3800 Uncommon trap: reason=unstable_if action=reinterpret pc=0x0000000004acc970 method=java.lang.String.startsWith(Ljava/lang/String;I)Z @ 25
Event: 2.953 Thread 0x00000000046f3800 Uncommon trap: reason=class_check action=maybe_recompile pc=0x0000000004c84d0c method=org.jetbrains.kotlin.protobuf.CodedInputStream.tryRefillBuffer(I)Z @ 177
Event: 2.957 Thread 0x00000000046f3800 Uncommon trap: reason=class_check action=maybe_recompile pc=0x0000000004c84d0c method=org.jetbrains.kotlin.protobuf.CodedInputStream.tryRefillBuffer(I)Z @ 177
Event: 2.960 Thread 0x00000000046f3800 Uncommon trap: reason=unstable_if action=reinterpret pc=0x0000000004955638 method=java.lang.String.startsWith(Ljava/lang/String;I)Z @ 25
Event: 2.961 Thread 0x00000000046f3800 Uncommon trap: reason=class_check action=maybe_recompile pc=0x0000000004c84d0c method=org.jetbrains.kotlin.protobuf.CodedInputStream.tryRefillBuffer(I)Z @ 177
Event: 2.962 Thread 0x00000000046f3800 Uncommon trap: reason=class_check action=maybe_recompile pc=0x0000000004c84d0c method=org.jetbrains.kotlin.protobuf.CodedInputStream.tryRefillBuffer(I)Z @ 177

Classes redefined (0 events):
No events

Internal exceptions (10 events):
Event: 0.471 Thread 0x00000000046f3800 Exception <a 'java/security/PrivilegedActionException'> (0x00000000ed0a2678) thrown at [D:\src\AOSP-openjdk-cygwin\jdk8u\hotspot\src\share\vm\prims\jvm.cpp, line 1390]
Event: 0.471 Thread 0x00000000046f3800 Exception <a 'java/security/PrivilegedActionException'> (0x00000000ed0a2a70) thrown at [D:\src\AOSP-openjdk-cygwin\jdk8u\hotspot\src\share\vm\prims\jvm.cpp, line 1390]
Event: 0.864 Thread 0x00000000046f3800 Exception <a 'java/lang/ArrayIndexOutOfBoundsException'> (0x00000000ed1d6e28) thrown at [D:\src\AOSP-openjdk-cygwin\jdk8u\hotspot\src\share\vm\runtime\sharedRuntime.cpp, line 605]
Event: 1.293 Thread 0x00000000046f3800 Exception <a 'java/lang/NoSuchFieldError': method resolution failed> (0x00000000ed14ee58) thrown at [D:\src\AOSP-openjdk-cygwin\jdk8u\hotspot\src\share\vm\prims\methodHandles.cpp, line 1167]
Event: 1.295 Thread 0x00000000046f3800 Exception <a 'java/lang/NoSuchFieldError': method resolution failed> (0x00000000ed15c360) thrown at [D:\src\AOSP-openjdk-cygwin\jdk8u\hotspot\src\share\vm\prims\methodHandles.cpp, line 1167]
Event: 1.657 Thread 0x00000000046f3800 Exception <a 'java/lang/NoSuchMethodError': java.lang.Object.lambda$comparing$77a9974f$1(Ljava/util/function/Function;Ljava/lang/Object;Ljava/lang/Object;)I> (0x00000000ece4cf58) thrown at [D:\src\AOSP-openjdk-cygwin\jdk8u\hotspot\src\share\vm\interpreter
Event: 1.791 Thread 0x00000000046f3800 Exception <a 'java/lang/ArrayIndexOutOfBoundsException': 60> (0x00000000ed433ba8) thrown at [D:\src\AOSP-openjdk-cygwin\jdk8u\hotspot\src\share\vm\interpreter\interpreterRuntime.cpp, line 366]
Event: 1.803 Thread 0x00000000046f3800 Exception <a 'java/lang/ArrayIndexOutOfBoundsException': 67> (0x00000000ed45fb88) thrown at [D:\src\AOSP-openjdk-cygwin\jdk8u\hotspot\src\share\vm\interpreter\interpreterRuntime.cpp, line 366]
Event: 1.987 Thread 0x00000000046f3800 Exception <a 'java/lang/NoSuchMethodError': java.lang.Object.lambda$static$0(I)[Lorg/jetbrains/kotlin/com/intellij/openapi/editor/event/DocumentListener;> (0x00000000eccd94c8) thrown at [D:\src\AOSP-openjdk-cygwin\jdk8u\hotspot\src\share\vm\interpreter\li
Event: 2.028 Thread 0x00000000046f3800 Exception <a 'java/lang/NoSuchMethodError': java.lang.Object.lambda$static$0(I)[Lorg/jetbrains/kotlin/com/intellij/psi/PsiAnnotation;> (0x00000000eceb79f8) thrown at [D:\src\AOSP-openjdk-cygwin\jdk8u\hotspot\src\share\vm\interpreter\linkResolver.cpp, line

Events (10 events):
Event: 3.310 loading class org/jetbrains/kotlin/types/expressions/ValueParameterResolver
Event: 3.310 loading class org/jetbrains/kotlin/types/expressions/ValueParameterResolver done
Event: 3.311 loading class sun/reflect/generics/scope/MethodScope
Event: 3.312 loading class sun/reflect/generics/scope/MethodScope done
Event: 3.312 loading class sun/reflect/generics/repository/MethodRepository
Event: 3.312 loading class sun/reflect/generics/repository/MethodRepository done
Event: 3.313 loading class org/jetbrains/kotlin/resolve/calls/checkers/RttiExpressionChecker
Event: 3.313 loading class org/jetbrains/kotlin/resolve/calls/checkers/RttiExpressionChecker done
Event: 3.315 loading class org/jetbrains/kotlin/resolve/calls/smartcasts/ConditionalDataFlowInfo
Event: 3.315 loading class org/jetbrains/kotlin/resolve/calls/smartcasts/ConditionalDataFlowInfo done


Dynamic libraries:
0x00007ff7f51e0000 - 0x00007ff7f5211000 	C:\Program Files\Android\Android Studio\jre\jre\bin\java.exe
0x00007ffd79360000 - 0x00007ffd79540000 	C:\WINDOWS\SYSTEM32\ntdll.dll
0x00007ffd77580000 - 0x00007ffd7762e000 	C:\WINDOWS\System32\KERNEL32.DLL
0x00007ffd76140000 - 0x00007ffd763a6000 	C:\WINDOWS\System32\KERNELBASE.dll
0x00007ffd77950000 - 0x00007ffd779f1000 	C:\WINDOWS\System32\ADVAPI32.dll
0x00007ffd77e40000 - 0x00007ffd77edd000 	C:\WINDOWS\System32\msvcrt.dll
0x00007ffd77ba0000 - 0x00007ffd77bfb000 	C:\WINDOWS\System32\sechost.dll
0x00007ffd77630000 - 0x00007ffd7774f000 	C:\WINDOWS\System32\RPCRT4.dll
0x00007ffd77a00000 - 0x00007ffd77b8f000 	C:\WINDOWS\System32\USER32.dll
0x00007ffd75760000 - 0x00007ffd75780000 	C:\WINDOWS\System32\win32u.dll
0x00007ffd76c30000 - 0x00007ffd76c58000 	C:\WINDOWS\System32\GDI32.dll
0x00007ffd76630000 - 0x00007ffd767c3000 	C:\WINDOWS\System32\gdi32full.dll
0x00007ffd75fd0000 - 0x00007ffd7606b000 	C:\WINDOWS\System32\msvcp_win.dll
0x00007ffd75780000 - 0x00007ffd75876000 	C:\WINDOWS\System32\ucrtbase.dll
0x00007ffd68630000 - 0x00007ffd68899000 	C:\WINDOWS\WinSxS\amd64_microsoft.windows.common-controls_6595b64144ccf1df_6.0.16299.371_none_15c7d1789365a290\COMCTL32.dll
0x00007ffd76e20000 - 0x00007ffd77128000 	C:\WINDOWS\System32\combase.dll
0x00007ffd76070000 - 0x00007ffd760e2000 	C:\WINDOWS\System32\bcryptPrimitives.dll
0x00007ffd76c60000 - 0x00007ffd76c8d000 	C:\WINDOWS\System32\IMM32.DLL
0x0000000060c30000 - 0x0000000060d02000 	C:\Program Files\Android\Android Studio\jre\jre\bin\msvcr100.dll
0x0000000060d10000 - 0x000000006154f000 	C:\Program Files\Android\Android Studio\jre\jre\bin\server\jvm.dll
0x00007ffd76ab0000 - 0x00007ffd76ab8000 	C:\WINDOWS\System32\PSAPI.DLL
0x00007ffd73510000 - 0x00007ffd73533000 	C:\WINDOWS\SYSTEM32\WINMM.dll
0x00007ffd6a500000 - 0x00007ffd6a50a000 	C:\WINDOWS\SYSTEM32\VERSION.dll
0x00007ffd707d0000 - 0x00007ffd707d9000 	C:\WINDOWS\SYSTEM32\WSOCK32.dll
0x00007ffd77750000 - 0x00007ffd777bc000 	C:\WINDOWS\System32\WS2_32.dll
0x00007ffd734e0000 - 0x00007ffd7350a000 	C:\WINDOWS\SYSTEM32\WINMMBASE.dll
0x00007ffd760f0000 - 0x00007ffd7613a000 	C:\WINDOWS\System32\cfgmgr32.dll
0x00007ffd6ca50000 - 0x00007ffd6ca5f000 	C:\Program Files\Android\Android Studio\jre\jre\bin\verify.dll
0x00007ffd6a960000 - 0x00007ffd6a989000 	C:\Program Files\Android\Android Studio\jre\jre\bin\java.dll
0x00007ffd6a940000 - 0x00007ffd6a956000 	C:\Program Files\Android\Android Studio\jre\jre\bin\zip.dll
0x00007ffd77ee0000 - 0x00007ffd79316000 	C:\WINDOWS\System32\SHELL32.dll
0x00007ffd76830000 - 0x00007ffd768d6000 	C:\WINDOWS\System32\shcore.dll
0x00007ffd75880000 - 0x00007ffd75fc7000 	C:\WINDOWS\System32\windows.storage.dll
0x00007ffd76a30000 - 0x00007ffd76a81000 	C:\WINDOWS\System32\shlwapi.dll
0x00007ffd75720000 - 0x00007ffd75731000 	C:\WINDOWS\System32\kernel.appcore.dll
0x00007ffd756b0000 - 0x00007ffd756fc000 	C:\WINDOWS\System32\powrprof.dll
0x00007ffd75700000 - 0x00007ffd7571b000 	C:\WINDOWS\System32\profapi.dll
0x00007ffd6a920000 - 0x00007ffd6a93a000 	C:\Program Files\Android\Android Studio\jre\jre\bin\net.dll
0x00007ffd74ee0000 - 0x00007ffd74f46000 	C:\WINDOWS\system32\mswsock.dll
0x00007ffd6a900000 - 0x00007ffd6a911000 	C:\Program Files\Android\Android Studio\jre\jre\bin\nio.dll

VM Arguments:
java_command: org.jetbrains.kotlin.cli.jvm.K2JVMCompiler -Xadd-compiler-builtins -Xbuild-file=C:\Users\Kent\AppData\Local\Temp\kjps2468267587063623092app_debug.script.xml -classpath C:\Users\Kent\.gradle\caches\transforms-1\files-1.1\adapters-1.3.1.aar\e3fe018a1c35159e7cf0440f2aa85afb\jars\classes.jar;C:\Users\Kent\.gradle\caches\transforms-1\files-1.1\library-1.3.1.aar\a2ac9f94f99e5ce545b03217fc1b226b\jars\classes.jar;C:\Users\Kent\.gradle\caches\modules-2\files-2.1\com.android.databinding\baseLibrary\3.0.0\223fbb31236b0714328c415c1475fc8f55a4416e\baseLibrary-3.0.0.jar;C:\Users\Kent\.gradle\caches\transforms-1\files-1.1\appcompat-v7-27.0.0.aar\492aa847c2a73203e949783b1f94a435\jars\classes.jar;C:\Users\Kent\.gradle\caches\transforms-1\files-1.1\cardview-v7-27.0.0.aar\10fbd4b3c563b53000f7b5478a80c0f9\jars\classes.jar;C:\Users\Kent\.gradle\caches\transforms-1\files-1.1\recyclerview-v7-27.0.0.aar\043917d510560847b46987893117e0e8\jars\classes.jar;C:\Users\Kent\.gradle\caches\transforms-1\files-1.1\support-v4-27.0.0.aar\4065edb88e02e7f6f2df8cb12797c32a\jars\classes.jar;C:\Users\Kent\.gradle\caches\transforms-1\files-1.1\extensions-1.0.0.aar\19f76fb970f6032f689dfcfb9b2b7d91\jars\classes.jar;C:\Users\Kent\.gradle\caches\transforms-1\files-1.1\runtime-1.0.0.aar\74fd77d84319acc7bd1dec4b42b143f3\jars\classes.jar;C:\Users\Kent\.gradle\caches\modules-2\files-2.1\org.jetbrains.kotlin\kotlin-stdlib-jre7\1.2.30\b38fc19e670ebef931fef3ccdcb94eac2b65bb7d\kotlin-stdlib-jre7-1.2.30.jar;C:\Users\Kent\.gradle\caches\transforms-1\files-1.1\animated-vector-drawable-27.0.0.aar\68ec36383c64f076cfc2ab1f23006537\jars\classes.jar;C:\Users\Kent\.gradle\caches\transforms-1\files-1.1\support-vector-drawable-27.0.0.aar\0da7e6e7eecbeb2d52fe18a31765de6c\jars\classes.jar;C:\Users\Kent\.gradle\caches\transforms-1\files-1.1\support-fragment-27.0.0.aar\a55952eb8244aed69bc8a5f1613633c2\jars\classes.jar;C:\Users\Kent\.gradle\caches\transforms-1\files-1.1\support-core-ui-27.0.0.aar\d6aa52d9f1dbcf9cfe5515c
java_class_path (initial): C:\Users\Kent\.gradle\caches\modules-2\files-2.1\org.jetbrains.kotlin\kotlin-compiler-embeddable\1.2.30\9b3f10d4717b9ac238b287e9b6eb2b4eadd8e870\kotlin-compiler-embeddable-1.2.30.jar;C:\Users\Kent\.gradle\caches\modules-2\files-2.1\org.jetbrains.kotlin\kotlin-stdlib\1.2.30\2dfac33f8b4e92c9dd1422cd286834701a6f6d6\kotlin-stdlib-1.2.30.jar;C:\Users\Kent\.gradle\caches\modules-2\files-2.1\org.jetbrains.kotlin\kotlin-script-runtime\1.2.30\37ee7531a636e99b639f8b1544cdda27d0ee30b0\kotlin-script-runtime-1.2.30.jar;C:\Users\Kent\.gradle\caches\modules-2\files-2.1\org.jetbrains.kotlin\kotlin-reflect\1.2.30\9758025a415ee400e1f90ff222bcfec247779133\kotlin-reflect-1.2.30.jar;C:\Program Files\Android\Android Studio\jre\lib\tools.jar
Launcher Type: SUN_STANDARD

Environment Variables:
PATH=C:\WINDOWS\system32;C:\WINDOWS;C:\WINDOWS\System32\Wbem;C:\WINDOWS\System32\WindowsPowerShell\v1.0\;C:\Program Files\Git\cmd;C:\Users\Kent\AppData\Local\Microsoft\WindowsApps;
USERNAME=Kent
OS=Windows_NT
PROCESSOR_IDENTIFIER=Intel64 Family 6 Model 37 Stepping 5, GenuineIntel



---------------  S Y S T E M  ---------------

OS: Windows 10.0 , 64 bit Build 16299 (10.0.16299.15)

CPU:total 4 (initial active 4) (2 cores per cpu, 2 threads per core) family 6 model 37 stepping 5, cmov, cx8, fxsr, mmx, sse, sse2, sse3, ssse3, sse4.1, sse4.2, popcnt, ht, tsc, tscinvbit

Memory: 4k page, physical 3848288k(586384k free), swap 5246048k(5124k free)

vm_info: OpenJDK 64-Bit Server VM (25.152-b02) for windows-amd64 JRE (1.8.0_152-release-1024-b02), built by "builder" with MS VC++ 10.0 (VS2010)

time: Thu Apr 26 23:39:43 2018
elapsed time: 3 seconds (0d 0h 0m 3s)

